#
# A fatal error has been detected by the Java Runtime Environment:
#
#  SIGSEGV (0xb) at pc=0x000000011a49cdb2, pid=14181, tid=0x0000000000001803
#
# JRE version: Java(TM) SE Runtime Environment (8.0_171-b11) (build 1.8.0_171-b11)
# Java VM: Java HotSpot(TM) 64-Bit Server VM (25.171-b11 mixed mode bsd-amd64 compressed oops)
# Problematic frame:
# C  [libR.dylib+0xfcdb2]  GetNewPage+0x1a2
#
# Failed to write core dump. Core dumps have been disabled. To enable core dumping, try "ulimit -c unlimited" before starting Java again
#
# If you would like to submit a bug report, please visit:
#   http://bugreport.java.com/bugreport/crash.jsp
# The crash happened outside the Java Virtual Machine in native code.
# See problematic frame for where to report the bug.
#

---------------  T H R E A D  ---------------

Current thread (0x00007fa0c6003000):  JavaThread "main" [_thread_in_native, id=6147, stack(0x0000700008e1f000,0x0000700008f1f000)]

siginfo: si_signo: 11 (SIGSEGV), si_code: 1 (SEGV_MAPERR), si_addr: 0x0000000000000018

Registers:
RAX=0x000000011a692350, RBX=0x00007fa0c4838a08, RCX=0x0000000020000000, RDX=0x0000000000000000
RSP=0x0000700008f1e600, RBP=0x0000700008f1e630, RSI=0x0000000000000000, RDI=0x0000000000000001
R8 =0x0000000000000000, R9 =0x0000000000008033, R10=0x0000000000000000, R11=0x00000000000001d5
R12=0x0000000000000001, R13=0x0000000000000038, R14=0x000000000000008e, R15=0x0000000020000000
RIP=0x000000011a49cdb2, EFLAGS=0x0000000000010202, ERR=0x0000000000000004
  TRAPNO=0x000000000000000e

Top of Stack: (sp=0x0000700008f1e600)
0x0000700008f1e600:   0000000000000000 0000000000000000
0x0000700008f1e610:   0000000000000001 0000000000000001
0x0000700008f1e620:   000000011a692218 0000000000000001
0x0000700008f1e630:   0000700008f1e6b0 000000011a49e520
0x0000700008f1e640:   0000000104244d58 00007fa0c6003000
0x0000700008f1e650:   00007fa0c6003000 0000000004000000
0x0000700008f1e660:   0000000000000000 0000000000000000
0x0000700008f1e670:   0000000000000010 00007fa0c60031f8
0x0000700008f1e680:   0000000102828360 00007fa0c60031f8
0x0000700008f1e690:   0000000000000000 0000000104244d58
0x0000700008f1e6a0:   0000700008f1e7b0 00007fa0c441d870
0x0000700008f1e6b0:   0000700008f1e6e0 0000000104f2cbce
0x0000700008f1e6c0:   0000000104244d58 0000000000000000
0x0000700008f1e6d0:   0000000000000001 00007fa0c6003000
0x0000700008f1e6e0:   0000700008f1e710 0000000104f2b826
0x0000700008f1e6f0:   0000000104244d58 0000700008f1e7b8
0x0000700008f1e700:   0000000104244d58 0000700008f1e7b8
0x0000700008f1e710:   0000700008f1e788 0000000104ff7173
0x0000700008f1e720:   0000000104244d58 0000700008f1e7b8
0x0000700008f1e730:   0000700008f1e788 0000000000000000
0x0000700008f1e740:   00000007956dfda8 0000700008f1e738
0x0000700008f1e750:   0000000104244d58 0000700008f1e7b8
0x0000700008f1e760:   0000000104248480 0000000000000000
0x0000700008f1e770:   0000000104244d58 0000000000000000
0x0000700008f1e780:   0000700008f1e7a8 0000700008f1e810
0x0000700008f1e790:   0000000104fe5dd0 0000000000000000
0x0000700008f1e7a0:   0000000104fefd17 0000000000000001
0x0000700008f1e7b0:   00000007956e5958 00000007956dfda8
0x0000700008f1e7c0:   0000000000000000 00000007956dfda8
0x0000700008f1e7d0:   0000700008f1e7c0 00000001042473ad
0x0000700008f1e7e0:   0000700008f1e870 0000000104248480
0x0000700008f1e7f0:   0000000000000000 0000000104247490 

Instructions: (pc=0x000000011a49cdb2)
0x000000011a49cd92:   e7 1d 4c 09 f9 44 89 f6 83 e6 01 41 83 fe 01 74
0x000000011a49cda2:   64 41 29 f6 66 2e 0f 1f 84 00 00 00 00 00 ff 00
0x000000011a49cdb2:   48 8b 7a 18 48 89 53 10 48 89 5a 18 48 89 5f 10
0x000000011a49cdc2:   48 89 7b 18 48 89 0b 48 89 98 c8 fe ff ff ff 00 

Register to memory mapping:

RAX=0x000000011a692350: R_GenHeap+0x2b0 in /Library/Frameworks/R.framework/Versions/3.5/Resources/lib/libR.dylib at 0x000000011a3a0000
RBX=0x00007fa0c4838a08 is an unknown value
RCX=0x0000000020000000 is an unknown value
RDX=0x0000000000000000 is an unknown value
RSP=0x0000700008f1e600 is pointing into the stack for thread: 0x00007fa0c6003000
RBP=0x0000700008f1e630 is pointing into the stack for thread: 0x00007fa0c6003000
RSI=0x0000000000000000 is an unknown value
RDI=0x0000000000000001 is an unknown value
R8 =0x0000000000000000 is an unknown value
R9 =0x0000000000008033 is an unknown value
R10=0x0000000000000000 is an unknown value
R11=0x00000000000001d5 is an unknown value
R12=0x0000000000000001 is an unknown value
R13=0x0000000000000038 is an unknown value
R14=0x000000000000008e is an unknown value
R15=0x0000000020000000 is an unknown value


Stack: [0x0000700008e1f000,0x0000700008f1f000],  sp=0x0000700008f1e600,  free space=1021k
Native frames: (J=compiled Java code, j=interpreted, Vv=VM code, C=native code)
C  [libR.dylib+0xfcdb2]  GetNewPage+0x1a2
C  [libR.dylib+0xfe520]  Rf_allocVector3+0x4c0
C  [libjri.jnilib+0x2bce]  jri_getString+0x3e
C  [libjri.jnilib+0x1826]  Java_org_rosuda_JRI_Rengine_rniParse+0x16
j  org.rosuda.JRI.Rengine.rniParse(Ljava/lang/String;I)J+0
j  org.rosuda.JRI.Rengine.eval(Ljava/lang/String;Z)Lorg/rosuda/JRI/REXP;+53
j  org.rosuda.JRI.Rengine.eval(Ljava/lang/String;)Lorg/rosuda/JRI/REXP;+3
j  test.Test.main([Ljava/lang/String;)V+22
v  ~StubRoutines::call_stub
V  [libjvm.dylib+0x2ef1f6]  JavaCalls::call_helper(JavaValue*, methodHandle*, JavaCallArguments*, Thread*)+0x6ae
V  [libjvm.dylib+0x326185]  jni_invoke_static(JNIEnv_*, JavaValue*, _jobject*, JNICallType, _jmethodID*, JNI_ArgumentPusher*, Thread*)+0x1bf
V  [libjvm.dylib+0x31ef11]  jni_CallStaticVoidMethod+0x15d
C  [java+0x38ca]  JavaMain+0x9c4
C  [libsystem_pthread.dylib+0x3661]  _pthread_body+0x154
C  [libsystem_pthread.dylib+0x350d]  _pthread_body+0x0
C  [libsystem_pthread.dylib+0x2bf9]  thread_start+0xd
C  0x0000000000000000

Java frames: (J=compiled Java code, j=interpreted, Vv=VM code)
j  org.rosuda.JRI.Rengine.rniParse(Ljava/lang/String;I)J+0
j  org.rosuda.JRI.Rengine.eval(Ljava/lang/String;Z)Lorg/rosuda/JRI/REXP;+53
j  org.rosuda.JRI.Rengine.eval(Ljava/lang/String;)Lorg/rosuda/JRI/REXP;+3
j  test.Test.main([Ljava/lang/String;)V+22
v  ~StubRoutines::call_stub

---------------  P R O C E S S  ---------------

Java Threads: ( => current thread )
  0x00007fa0c4825000 JavaThread "Service Thread" daemon [_thread_blocked, id=16387, stack(0x0000700009a43000,0x0000700009b43000)]
  0x00007fa0c4822000 JavaThread "C1 CompilerThread2" daemon [_thread_blocked, id=12803, stack(0x0000700009940000,0x0000700009a40000)]
  0x00007fa0c4821800 JavaThread "C2 CompilerThread1" daemon [_thread_blocked, id=16899, stack(0x000070000983d000,0x000070000993d000)]
  0x00007fa0c4812800 JavaThread "C2 CompilerThread0" daemon [_thread_blocked, id=17411, stack(0x000070000973a000,0x000070000983a000)]
  0x00007fa0c4828000 JavaThread "Signal Dispatcher" daemon [_thread_blocked, id=17927, stack(0x0000700009637000,0x0000700009737000)]
  0x00007fa0c5841800 JavaThread "Finalizer" daemon [_thread_blocked, id=19971, stack(0x0000700009534000,0x0000700009634000)]
  0x00007fa0c583f000 JavaThread "Reference Handler" daemon [_thread_blocked, id=20483, stack(0x0000700009431000,0x0000700009531000)]
=>0x00007fa0c6003000 JavaThread "main" [_thread_in_native, id=6147, stack(0x0000700008e1f000,0x0000700008f1f000)]

Other Threads:
  0x00007fa0c583a000 VMThread [stack: 0x000070000932e000,0x000070000942e000] [id=20995]
  0x00007fa0c500d000 WatcherThread [stack: 0x0000700009b46000,0x0000700009c46000] [id=15875]

VM state:not at safepoint (normal execution)

VM Mutex/Monitor currently owned by a thread: None

Heap:
 PSYoungGen      total 38400K, used 2668K [0x0000000795580000, 0x0000000798000000, 0x00000007c0000000)
  eden space 33280K, 8% used [0x0000000795580000,0x000000079581b068,0x0000000797600000)
  from space 5120K, 0% used [0x0000000797b00000,0x0000000797b00000,0x0000000798000000)
  to   space 5120K, 0% used [0x0000000797600000,0x0000000797600000,0x0000000797b00000)
 ParOldGen       total 87552K, used 0K [0x0000000740000000, 0x0000000745580000, 0x0000000795580000)
  object space 87552K, 0% used [0x0000000740000000,0x0000000740000000,0x0000000745580000)
 Metaspace       used 2977K, capacity 4564K, committed 4864K, reserved 1056768K
  class space    used 321K, capacity 388K, committed 512K, reserved 1048576K

Card table byte_map: [0x000000010336e000,0x000000010376f000] byte_map_base: 0x00000000ff96e000

Marking Bits: (ParMarkBitMap*) 0x00000001028f76e0
 Begin Bits: [0x0000000113fde000, 0x0000000115fde000)
 End Bits:   [0x0000000115fde000, 0x0000000117fde000)

Polling page: 0x0000000101791000

CodeCache: size=245760Kb used=1122Kb max_used=1122Kb free=244637Kb
 bounds [0x0000000104fde000, 0x000000010524e000, 0x0000000113fde000]
 total_blobs=275 nmethods=40 adapters=149
 compilation: enabled

Compilation events (10 events):
Event: 0.109 Thread 0x00007fa0c4822000   35       1       java.net.URL::getAuthority (5 bytes)
Event: 0.109 Thread 0x00007fa0c4822000 nmethod 35 0x00000001050f4bd0 code [0x00000001050f4d20, 0x00000001050f4e30]
Event: 0.110 Thread 0x00007fa0c4822000   36       3       java.io.UnixFileSystem::normalize (75 bytes)
Event: 0.110 Thread 0x00007fa0c4822000 nmethod 36 0x00000001050f5290 code [0x00000001050f5460, 0x00000001050f5ac8]
Event: 0.110 Thread 0x00007fa0c4822000   37       1       java.lang.String::length (6 bytes)
Event: 0.110 Thread 0x00007fa0c4822000 nmethod 37 0x00000001050f5dd0 code [0x00000001050f5f20, 0x00000001050f6030]
Event: 0.111 Thread 0x00007fa0c4822000   38       1       java.lang.StringCoding$StringEncoder::requestedCharsetName (5 bytes)
Event: 0.111 Thread 0x00007fa0c4822000 nmethod 38 0x00000001050f60d0 code [0x00000001050f6220, 0x00000001050f6330]
Event: 0.122 Thread 0x00007fa0c4822000   39  s    1       java.util.Vector::size (5 bytes)
Event: 0.123 Thread 0x00007fa0c4822000 nmethod 39 0x00000001050f6390 code [0x00000001050f64e0, 0x00000001050f6750]

GC Heap History (0 events):
No events

Deoptimization events (0 events):
No events

Classes redefined (0 events):
No events

Internal exceptions (2 events):
Event: 0.031 Thread 0x00007fa0c6003000 Exception <a 'java/lang/NoSuchMethodError': Method sun.misc.Unsafe.defineClass(Ljava/lang/String;[BII)Ljava/lang/Class; name or signature does not match> (0x0000000795587cb0) thrown at [/Users/java_re/workspace/8-2-build-macosx-x86_64/jdk8u171/10807/hotsp
Event: 0.031 Thread 0x00007fa0c6003000 Exception <a 'java/lang/NoSuchMethodError': Method sun.misc.Unsafe.prefetchRead(Ljava/lang/Object;J)V name or signature does not match> (0x0000000795587f98) thrown at [/Users/java_re/workspace/8-2-build-macosx-x86_64/jdk8u171/10807/hotspot/src/share/vm/pr

Events (10 events):
Event: 0.108 loading class sun/security/util/ManifestEntryVerifier
Event: 0.108 loading class sun/security/util/ManifestEntryVerifier done
Event: 0.109 loading class java/lang/UnsatisfiedLinkError
Event: 0.109 loading class java/lang/UnsatisfiedLinkError done
Event: 0.110 loading class java/lang/ClassLoaderHelper
Event: 0.110 loading class java/lang/ClassLoaderHelper done
Event: 0.122 loading class org/rosuda/JRI/Mutex
Event: 0.122 loading class org/rosuda/JRI/Mutex done
Event: 0.123 Thread 0x00007fa0c5828800 Thread added: 0x00007fa0c5828800
Event: 0.124 Thread 0x00007fa0c5828800 Thread exited: 0x00007fa0c5828800


Dynamic libraries:
0x0000000005f45000 	/System/Library/Frameworks/Cocoa.framework/Versions/A/Cocoa
0x0000000005f45000 	/System/Library/Frameworks/Security.framework/Versions/A/Security
0x0000000005f45000 	/System/Library/Frameworks/ApplicationServices.framework/Versions/A/ApplicationServices
0x0000000005f45000 	/usr/lib/libz.1.dylib
0x0000000005f45000 	/usr/lib/libSystem.B.dylib
0x0000000005f45000 	/usr/lib/libobjc.A.dylib
0x0000000005f45000 	/System/Library/Frameworks/CoreFoundation.framework/Versions/A/CoreFoundation
0x0000000005f45000 	/System/Library/Frameworks/Foundation.framework/Versions/C/Foundation
0x0000000005f45000 	/System/Library/Frameworks/AppKit.framework/Versions/C/AppKit
0x0000000005f45000 	/System/Library/Frameworks/CoreData.framework/Versions/A/CoreData
0x0000000005f45000 	/System/Library/PrivateFrameworks/RemoteViewServices.framework/Versions/A/RemoteViewServices
0x0000000005f45000 	/System/Library/PrivateFrameworks/UIFoundation.framework/Versions/A/UIFoundation
0x0000000005f45000 	/System/Library/PrivateFrameworks/DFRFoundation.framework/Versions/A/DFRFoundation
0x0000000005f45000 	/System/Library/Frameworks/Metal.framework/Versions/A/Metal
0x0000000005f45000 	/System/Library/PrivateFrameworks/DesktopServicesPriv.framework/Versions/A/DesktopServicesPriv
0x0000000005f45000 	/usr/lib/libenergytrace.dylib
0x0000000005f45000 	/System/Library/PrivateFrameworks/SkyLight.framework/Versions/A/SkyLight
0x0000000005f45000 	/System/Library/Frameworks/CoreGraphics.framework/Versions/A/CoreGraphics
0x0000000005f45000 	/usr/lib/libScreenReader.dylib
0x0000000005f45000 	/System/Library/Frameworks/Accelerate.framework/Versions/A/Accelerate
0x0000000005f45000 	/System/Library/Frameworks/IOSurface.framework/Versions/A/IOSurface
0x0000000005f45000 	/System/Library/Frameworks/AudioToolbox.framework/Versions/A/AudioToolbox
0x0000000005f45000 	/System/Library/Frameworks/AudioUnit.framework/Versions/A/AudioUnit
0x0000000005f45000 	/System/Library/PrivateFrameworks/DataDetectorsCore.framework/Versions/A/DataDetectorsCore
0x0000000005f45000 	/System/Library/Frameworks/Carbon.framework/Versions/A/Frameworks/HIToolbox.framework/Versions/A/HIToolbox
0x0000000005f45000 	/usr/lib/libicucore.A.dylib
0x0000000005f45000 	/System/Library/Frameworks/QuartzCore.framework/Versions/A/QuartzCore
0x0000000005f45000 	/System/Library/PrivateFrameworks/SignpostNotification.framework/Versions/A/SignpostNotification
0x0000000005f45000 	/System/Library/Frameworks/Carbon.framework/Versions/A/Frameworks/SpeechRecognition.framework/Versions/A/SpeechRecognition
0x0000000005f45000 	/usr/lib/libauto.dylib
0x0000000005f45000 	/usr/lib/libxml2.2.dylib
0x0000000005f45000 	/System/Library/PrivateFrameworks/CoreUI.framework/Versions/A/CoreUI
0x0000000005f45000 	/System/Library/Frameworks/CoreAudio.framework/Versions/A/CoreAudio
0x0000000005f45000 	/System/Library/Frameworks/DiskArbitration.framework/Versions/A/DiskArbitration
0x0000000005f45000 	/usr/lib/liblangid.dylib
0x0000000005f45000 	/System/Library/PrivateFrameworks/MultitouchSupport.framework/Versions/A/MultitouchSupport
0x0000000005f45000 	/System/Library/Frameworks/IOKit.framework/Versions/A/IOKit
0x0000000005f45000 	/usr/lib/libDiagnosticMessagesClient.dylib
0x0000000005f45000 	/System/Library/Frameworks/CoreServices.framework/Versions/A/CoreServices
0x0000000005f45000 	/System/Library/PrivateFrameworks/PerformanceAnalysis.framework/Versions/A/PerformanceAnalysis
0x0000000005f45000 	/System/Library/Frameworks/OpenGL.framework/Versions/A/OpenGL
0x0000000005f45000 	/System/Library/Frameworks/ColorSync.framework/Versions/A/ColorSync
0x0000000005f45000 	/System/Library/Frameworks/CoreImage.framework/Versions/A/CoreImage
0x0000000005f45000 	/System/Library/Frameworks/CoreText.framework/Versions/A/CoreText
0x0000000005f45000 	/System/Library/Frameworks/ImageIO.framework/Versions/A/ImageIO
0x0000000005f45000 	/System/Library/PrivateFrameworks/Backup.framework/Versions/A/Backup
0x0000000005f45000 	/usr/lib/libarchive.2.dylib
0x0000000005f45000 	/System/Library/Frameworks/CFNetwork.framework/Versions/A/CFNetwork
0x0000000005f45000 	/System/Library/Frameworks/SystemConfiguration.framework/Versions/A/SystemConfiguration
0x0000000005f45000 	/usr/lib/libCRFSuite.dylib
0x0000000005f45000 	/usr/lib/libc++.1.dylib
0x0000000005f45000 	/usr/lib/libc++abi.dylib
0x0000000005f45000 	/usr/lib/system/libcache.dylib
0x0000000005f45000 	/usr/lib/system/libcommonCrypto.dylib
0x0000000005f45000 	/usr/lib/system/libcompiler_rt.dylib
0x0000000005f45000 	/usr/lib/system/libcopyfile.dylib
0x0000000005f45000 	/usr/lib/system/libcorecrypto.dylib
0x0000000005f45000 	/usr/lib/system/libdispatch.dylib
0x0000000005f45000 	/usr/lib/system/libdyld.dylib
0x0000000005f45000 	/usr/lib/system/libkeymgr.dylib
0x0000000005f45000 	/usr/lib/system/liblaunch.dylib
0x0000000005f45000 	/usr/lib/system/libmacho.dylib
0x0000000005f45000 	/usr/lib/system/libquarantine.dylib
0x0000000005f45000 	/usr/lib/system/libremovefile.dylib
0x0000000005f45000 	/usr/lib/system/libsystem_asl.dylib
0x0000000005f45000 	/usr/lib/system/libsystem_blocks.dylib
0x0000000005f45000 	/usr/lib/system/libsystem_c.dylib
0x0000000005f45000 	/usr/lib/system/libsystem_configuration.dylib
0x0000000005f45000 	/usr/lib/system/libsystem_coreservices.dylib
0x0000000005f45000 	/usr/lib/system/libsystem_darwin.dylib
0x0000000005f45000 	/usr/lib/system/libsystem_dnssd.dylib
0x0000000005f45000 	/usr/lib/system/libsystem_info.dylib
0x0000000005f45000 	/usr/lib/system/libsystem_m.dylib
0x0000000005f45000 	/usr/lib/system/libsystem_malloc.dylib
0x0000000005f45000 	/usr/lib/system/libsystem_network.dylib
0x0000000005f45000 	/usr/lib/system/libsystem_networkextension.dylib
0x0000000005f45000 	/usr/lib/system/libsystem_notify.dylib
0x0000000005f45000 	/usr/lib/system/libsystem_sandbox.dylib
0x0000000005f45000 	/usr/lib/system/libsystem_secinit.dylib
0x0000000005f45000 	/usr/lib/system/libsystem_kernel.dylib
0x0000000005f45000 	/usr/lib/system/libsystem_platform.dylib
0x0000000005f45000 	/usr/lib/system/libsystem_pthread.dylib
0x0000000005f45000 	/usr/lib/system/libsystem_symptoms.dylib
0x0000000005f45000 	/usr/lib/system/libsystem_trace.dylib
0x0000000005f45000 	/usr/lib/system/libunwind.dylib
0x0000000005f45000 	/usr/lib/system/libxpc.dylib
0x0000000005f45000 	/usr/lib/closure/libclosured.dylib
0x0000000005f45000 	/usr/lib/libbsm.0.dylib
0x0000000005f45000 	/usr/lib/system/libkxld.dylib
0x0000000005f45000 	/usr/lib/libOpenScriptingUtil.dylib
0x0000000005f45000 	/usr/lib/libcoretls.dylib
0x0000000005f45000 	/usr/lib/libcoretls_cfhelpers.dylib
0x0000000005f45000 	/usr/lib/libpam.2.dylib
0x0000000005f45000 	/usr/lib/libsqlite3.dylib
0x0000000005f45000 	/usr/lib/libxar.1.dylib
0x0000000005f45000 	/usr/lib/libbz2.1.0.dylib
0x0000000005f45000 	/usr/lib/liblzma.5.dylib
0x0000000005f45000 	/usr/lib/libnetwork.dylib
0x0000000005f45000 	/usr/lib/libapple_nghttp2.dylib
0x0000000005f45000 	/usr/lib/libpcap.A.dylib
0x0000000005f45000 	/usr/lib/libboringssl.dylib
0x0000000005f45000 	/usr/lib/libusrtcp.dylib
0x0000000005f45000 	/usr/lib/libapple_crypto.dylib
0x0000000005f45000 	/System/Library/Frameworks/CoreServices.framework/Versions/A/Frameworks/FSEvents.framework/Versions/A/FSEvents
0x0000000005f45000 	/System/Library/Frameworks/CoreServices.framework/Versions/A/Frameworks/CarbonCore.framework/Versions/A/CarbonCore
0x0000000005f45000 	/System/Library/Frameworks/CoreServices.framework/Versions/A/Frameworks/Metadata.framework/Versions/A/Metadata
0x0000000005f45000 	/System/Library/Frameworks/CoreServices.framework/Versions/A/Frameworks/OSServices.framework/Versions/A/OSServices
0x0000000005f45000 	/System/Library/Frameworks/CoreServices.framework/Versions/A/Frameworks/SearchKit.framework/Versions/A/SearchKit
0x0000000005f45000 	/System/Library/Frameworks/CoreServices.framework/Versions/A/Frameworks/AE.framework/Versions/A/AE
0x0000000005f45000 	/System/Library/Frameworks/CoreServices.framework/Versions/A/Frameworks/LaunchServices.framework/Versions/A/LaunchServices
0x0000000005f45000 	/System/Library/Frameworks/CoreServices.framework/Versions/A/Frameworks/DictionaryServices.framework/Versions/A/DictionaryServices
0x0000000005f45000 	/System/Library/Frameworks/CoreServices.framework/Versions/A/Frameworks/SharedFileList.framework/Versions/A/SharedFileList
0x0000000005f45000 	/System/Library/Frameworks/NetFS.framework/Versions/A/NetFS
0x0000000005f45000 	/System/Library/PrivateFrameworks/NetAuth.framework/Versions/A/NetAuth
0x0000000005f45000 	/System/Library/PrivateFrameworks/login.framework/Versions/A/Frameworks/loginsupport.framework/Versions/A/loginsupport
0x0000000005f45000 	/System/Library/PrivateFrameworks/TCC.framework/Versions/A/TCC
0x0000000005f45000 	/usr/lib/libmecabra.dylib
0x0000000005f45000 	/System/Library/Frameworks/ApplicationServices.framework/Versions/A/Frameworks/ATS.framework/Versions/A/ATS
0x0000000005f45000 	/System/Library/Frameworks/ApplicationServices.framework/Versions/A/Frameworks/ColorSyncLegacy.framework/Versions/A/ColorSyncLegacy
0x0000000005f45000 	/System/Library/Frameworks/ApplicationServices.framework/Versions/A/Frameworks/HIServices.framework/Versions/A/HIServices
0x0000000005f45000 	/System/Library/Frameworks/ApplicationServices.framework/Versions/A/Frameworks/LangAnalysis.framework/Versions/A/LangAnalysis
0x0000000005f45000 	/System/Library/Frameworks/ApplicationServices.framework/Versions/A/Frameworks/PrintCore.framework/Versions/A/PrintCore
0x0000000005f45000 	/System/Library/Frameworks/ApplicationServices.framework/Versions/A/Frameworks/QD.framework/Versions/A/QD
0x0000000005f45000 	/System/Library/Frameworks/ApplicationServices.framework/Versions/A/Frameworks/SpeechSynthesis.framework/Versions/A/SpeechSynthesis
0x0000000005f45000 	/System/Library/Frameworks/CoreDisplay.framework/Versions/A/CoreDisplay
0x0000000005f45000 	/System/Library/Frameworks/Accelerate.framework/Versions/A/Frameworks/vImage.framework/Versions/A/vImage
0x0000000005f45000 	/System/Library/Frameworks/Accelerate.framework/Versions/A/Frameworks/vecLib.framework/Versions/A/vecLib
0x0000000005f45000 	/System/Library/Frameworks/Accelerate.framework/Versions/A/Frameworks/vecLib.framework/Versions/A/libvDSP.dylib
0x0000000005f45000 	/System/Library/Frameworks/Accelerate.framework/Versions/A/Frameworks/vecLib.framework/Versions/A/libBNNS.dylib
0x0000000005f45000 	/System/Library/Frameworks/Accelerate.framework/Versions/A/Frameworks/vecLib.framework/Versions/A/libQuadrature.dylib
0x0000000005f45000 	/System/Library/Frameworks/Accelerate.framework/Versions/A/Frameworks/vecLib.framework/Versions/A/libvMisc.dylib
0x0000000005f45000 	/System/Library/Frameworks/Accelerate.framework/Versions/A/Frameworks/vecLib.framework/Versions/A/libLAPACK.dylib
0x0000000005f45000 	/System/Library/Frameworks/Accelerate.framework/Versions/A/Frameworks/vecLib.framework/Versions/A/libBLAS.dylib
0x0000000005f45000 	/System/Library/Frameworks/Accelerate.framework/Versions/A/Frameworks/vecLib.framework/Versions/A/libLinearAlgebra.dylib
0x0000000005f45000 	/System/Library/Frameworks/Accelerate.framework/Versions/A/Frameworks/vecLib.framework/Versions/A/libSparse.dylib
0x0000000005f45000 	/System/Library/Frameworks/Accelerate.framework/Versions/A/Frameworks/vecLib.framework/Versions/A/libSparseBLAS.dylib
0x0000000005f45000 	/System/Library/PrivateFrameworks/GPUWrangler.framework/Versions/A/GPUWrangler
0x0000000005f45000 	/System/Library/PrivateFrameworks/IOAccelerator.framework/Versions/A/IOAccelerator
0x0000000005f45000 	/System/Library/PrivateFrameworks/IOPresentment.framework/Versions/A/IOPresentment
0x0000000005f45000 	/System/Library/PrivateFrameworks/DSExternalDisplay.framework/Versions/A/DSExternalDisplay
0x0000000005f45000 	/System/Library/Frameworks/OpenGL.framework/Versions/A/Libraries/libCoreFSCache.dylib
0x0000000005f45000 	/System/Library/Frameworks/CoreVideo.framework/Versions/A/CoreVideo
0x0000000005f45000 	/System/Library/PrivateFrameworks/GraphVisualizer.framework/Versions/A/GraphVisualizer
0x0000000005f45000 	/System/Library/Frameworks/MetalPerformanceShaders.framework/Versions/A/MetalPerformanceShaders
0x0000000005f45000 	/usr/lib/libFosl_dynamic.dylib
0x0000000005f45000 	/System/Library/PrivateFrameworks/FaceCore.framework/Versions/A/FaceCore
0x0000000005f45000 	/System/Library/Frameworks/OpenCL.framework/Versions/A/OpenCL
0x0000000005f45000 	/usr/lib/libcompression.dylib
0x0000000005f45000 	/System/Library/Frameworks/ApplicationServices.framework/Versions/A/Frameworks/ATS.framework/Versions/A/Resources/libFontParser.dylib
0x0000000005f45000 	/System/Library/Frameworks/ApplicationServices.framework/Versions/A/Frameworks/ATS.framework/Versions/A/Resources/libFontRegistry.dylib
0x0000000005f45000 	/System/Library/Frameworks/ImageIO.framework/Versions/A/Resources/libJPEG.dylib
0x0000000005f45000 	/System/Library/Frameworks/ImageIO.framework/Versions/A/Resources/libTIFF.dylib
0x0000000005f45000 	/System/Library/Frameworks/ImageIO.framework/Versions/A/Resources/libPng.dylib
0x0000000005f45000 	/System/Library/Frameworks/ImageIO.framework/Versions/A/Resources/libGIF.dylib
0x0000000005f45000 	/System/Library/Frameworks/ImageIO.framework/Versions/A/Resources/libJP2.dylib
0x0000000005f45000 	/System/Library/Frameworks/ImageIO.framework/Versions/A/Resources/libRadiance.dylib
0x0000000005f45000 	/System/Library/PrivateFrameworks/AppleJPEG.framework/Versions/A/AppleJPEG
0x0000000005f45000 	/System/Library/Frameworks/MetalPerformanceShaders.framework/Frameworks/MPSCore.framework/Versions/A/MPSCore
0x0000000005f45000 	/System/Library/Frameworks/MetalPerformanceShaders.framework/Frameworks/MPSImage.framework/Versions/A/MPSImage
0x0000000005f45000 	/System/Library/Frameworks/MetalPerformanceShaders.framework/Frameworks/MPSNeuralNetwork.framework/Versions/A/MPSNeuralNetwork
0x0000000005f45000 	/System/Library/Frameworks/MetalPerformanceShaders.framework/Frameworks/MPSMatrix.framework/Versions/A/MPSMatrix
0x0000000005f45000 	/System/Library/PrivateFrameworks/MetalTools.framework/Versions/A/MetalTools
0x0000000005f45000 	/System/Library/Frameworks/OpenGL.framework/Versions/A/Libraries/libGLU.dylib
0x0000000005f45000 	/System/Library/Frameworks/OpenGL.framework/Versions/A/Libraries/libGFXShared.dylib
0x0000000005f45000 	/System/Library/Frameworks/OpenGL.framework/Versions/A/Libraries/libGL.dylib
0x0000000005f45000 	/System/Library/Frameworks/OpenGL.framework/Versions/A/Libraries/libGLImage.dylib
0x0000000005f45000 	/System/Library/Frameworks/OpenGL.framework/Versions/A/Libraries/libCVMSPluginSupport.dylib
0x0000000005f45000 	/System/Library/Frameworks/OpenGL.framework/Versions/A/Libraries/libCoreVMClient.dylib
0x0000000005f45000 	/usr/lib/libcups.2.dylib
0x0000000005f45000 	/System/Library/Frameworks/Kerberos.framework/Versions/A/Kerberos
0x0000000005f45000 	/System/Library/Frameworks/GSS.framework/Versions/A/GSS
0x0000000005f45000 	/usr/lib/libresolv.9.dylib
0x0000000005f45000 	/usr/lib/libiconv.2.dylib
0x0000000005f45000 	/System/Library/PrivateFrameworks/Heimdal.framework/Versions/A/Heimdal
0x0000000005f45000 	/usr/lib/libheimdal-asn1.dylib
0x0000000005f45000 	/System/Library/Frameworks/OpenDirectory.framework/Versions/A/OpenDirectory
0x0000000005f45000 	/System/Library/PrivateFrameworks/CommonAuth.framework/Versions/A/CommonAuth
0x0000000005f45000 	/System/Library/Frameworks/OpenDirectory.framework/Versions/A/Frameworks/CFOpenDirectory.framework/Versions/A/CFOpenDirectory
0x0000000005f45000 	/System/Library/Frameworks/SecurityFoundation.framework/Versions/A/SecurityFoundation
0x0000000005f45000 	/System/Library/PrivateFrameworks/APFS.framework/Versions/A/APFS
0x0000000005f45000 	/usr/lib/libutil.dylib
0x0000000005f45000 	/System/Library/PrivateFrameworks/AppleSauce.framework/Versions/A/AppleSauce
0x0000000005f45000 	/System/Library/PrivateFrameworks/LinguisticData.framework/Versions/A/LinguisticData
0x0000000005f45000 	/usr/lib/libmarisa.dylib
0x0000000005f45000 	/System/Library/PrivateFrameworks/Lexicon.framework/Versions/A/Lexicon
0x0000000005f45000 	/usr/lib/libChineseTokenizer.dylib
0x0000000005f45000 	/usr/lib/libcmph.dylib
0x0000000005f45000 	/System/Library/PrivateFrameworks/LanguageModeling.framework/Versions/A/LanguageModeling
0x0000000005f45000 	/System/Library/PrivateFrameworks/CoreEmoji.framework/Versions/A/CoreEmoji
0x0000000005f45000 	/System/Library/Frameworks/ServiceManagement.framework/Versions/A/ServiceManagement
0x0000000005f45000 	/System/Library/PrivateFrameworks/BackgroundTaskManagement.framework/Versions/A/BackgroundTaskManagement
0x0000000005f45000 	/usr/lib/libxslt.1.dylib
0x0000000005f45000 	/System/Library/Frameworks/Carbon.framework/Versions/A/Frameworks/Ink.framework/Versions/A/Ink
0x0000000005f45000 	/System/Library/PrivateFrameworks/TextureIO.framework/Versions/A/TextureIO
0x0000000005f45000 	/usr/lib/libate.dylib
0x0000000005f45000 	/System/Library/PrivateFrameworks/CrashReporterSupport.framework/Versions/A/CrashReporterSupport
0x0000000005f45000 	/System/Library/PrivateFrameworks/Sharing.framework/Versions/A/Sharing
0x0000000005f45000 	/System/Library/PrivateFrameworks/IconServices.framework/Versions/A/IconServices
0x0000000005f45000 	/System/Library/PrivateFrameworks/AuthKit.framework/Versions/A/AuthKit
0x0000000005f45000 	/System/Library/PrivateFrameworks/Apple80211.framework/Versions/A/Apple80211
0x0000000005f45000 	/System/Library/PrivateFrameworks/CoreUtils.framework/Versions/A/CoreUtils
0x0000000005f45000 	/System/Library/Frameworks/CoreWLAN.framework/Versions/A/CoreWLAN
0x0000000005f45000 	/System/Library/Frameworks/IOBluetooth.framework/Versions/A/IOBluetooth
0x0000000005f45000 	/System/Library/PrivateFrameworks/ProtocolBuffer.framework/Versions/A/ProtocolBuffer
0x0000000005f45000 	/System/Library/PrivateFrameworks/MobileKeyBag.framework/Versions/A/MobileKeyBag
0x0000000005f45000 	/System/Library/PrivateFrameworks/CorePhoneNumbers.framework/Versions/A/CorePhoneNumbers
0x0000000005f45000 	/System/Library/PrivateFrameworks/AppleIDAuthSupport.framework/Versions/A/AppleIDAuthSupport
0x0000000005f45000 	/System/Library/PrivateFrameworks/KeychainCircle.framework/Versions/A/KeychainCircle
0x0000000005f45000 	/System/Library/PrivateFrameworks/CoreWiFi.framework/Versions/A/CoreWiFi
0x0000000005f45000 	/System/Library/Frameworks/CoreBluetooth.framework/Versions/A/CoreBluetooth
0x0000000005f45000 	/System/Library/PrivateFrameworks/DebugSymbols.framework/Versions/A/DebugSymbols
0x0000000005f45000 	/System/Library/PrivateFrameworks/CoreSymbolication.framework/Versions/A/CoreSymbolication
0x0000000005f45000 	/System/Library/PrivateFrameworks/Symbolication.framework/Versions/A/Symbolication
0x0000000005f45000 	/System/Library/PrivateFrameworks/AppleFSCompression.framework/Versions/A/AppleFSCompression
0x0000000005f45000 	/System/Library/PrivateFrameworks/SpeechRecognitionCore.framework/Versions/A/SpeechRecognitionCore
0x0000000102000000 	/Library/Java/JavaVirtualMachines/jdk1.8.0_171.jdk/Contents/Home/jre/lib/server/libjvm.dylib
0x0000000005f45000 	/usr/lib/libstdc++.6.0.9.dylib
0x000000010174d000 	/Library/Java/JavaVirtualMachines/jdk1.8.0_171.jdk/Contents/Home/jre/lib/libverify.dylib
0x000000010175b000 	/Library/Java/JavaVirtualMachines/jdk1.8.0_171.jdk/Contents/Home/jre/lib/libjava.dylib
0x00000001017db000 	/Library/Java/JavaVirtualMachines/jdk1.8.0_171.jdk/Contents/Home/jre/lib/libzip.dylib
0x0000000104f2a000 	/Library/Frameworks/R.framework/Versions/3.5/Resources/library/rJava/jri/libjri.jnilib
0x0000000005f45000 	/System/Library/Frameworks/JavaVM.framework/Versions/A/JavaVM
0x000000011a3a0000 	/Library/Frameworks/R.framework/Versions/3.5/Resources/lib/libR.dylib
0x000000011a818000 	/Library/Frameworks/R.framework/Versions/3.5/Resources/lib/libomp.dylib
0x0000000005f45000 	/System/Library/PrivateFrameworks/JavaLaunching.framework/Versions/A/JavaLaunching
0x000000011a89c000 	/Library/Frameworks/R.framework/Versions/3.5/Resources/lib/libRblas.dylib
0x000000011a8cb000 	/Library/Frameworks/R.framework/Versions/3.5/Resources/lib/libgfortran.3.dylib
0x000000011aa56000 	/Library/Frameworks/R.framework/Versions/3.5/Resources/lib/libquadmath.0.dylib
0x000000011aa9c000 	/Library/Frameworks/R.framework/Versions/3.5/Resources/lib/libreadline.5.2.dylib
0x000000011aada000 	/Library/Frameworks/R.framework/Versions/3.5/Resources/lib/libgcc_s.1.dylib
0x0000000005f45000 	/usr/lib/libncurses.5.4.dylib

VM Arguments:
jvm_args: -Djava.library.path=/Library/Frameworks/R.framework/Resources/library/rJava/jri -Dfile.encoding=UTF-8 
java_command: test.Test
java_class_path (initial): /Library/Java/JavaVirtualMachines/jdk1.8.0_171.jdk/Contents/Home/jre/lib/resources.jar:/Library/Java/JavaVirtualMachines/jdk1.8.0_171.jdk/Contents/Home/jre/lib/rt.jar:/Library/Java/JavaVirtualMachines/jdk1.8.0_171.jdk/Contents/Home/jre/lib/jsse.jar:/Library/Java/JavaVirtualMachines/jdk1.8.0_171.jdk/Contents/Home/jre/lib/jce.jar:/Library/Java/JavaVirtualMachines/jdk1.8.0_171.jdk/Contents/Home/jre/lib/charsets.jar:/Library/Java/JavaVirtualMachines/jdk1.8.0_171.jdk/Contents/Home/jre/lib/jfr.jar:/Library/Java/JavaVirtualMachines/jdk1.8.0_171.jdk/Contents/Home/jre/lib/ext/sunec.jar:/Library/Java/JavaVirtualMachines/jdk1.8.0_171.jdk/Contents/Home/jre/lib/ext/nashorn.jar:/Library/Java/JavaVirtualMachines/jdk1.8.0_171.jdk/Contents/Home/jre/lib/ext/cldrdata.jar:/Library/Java/JavaVirtualMachines/jdk1.8.0_171.jdk/Contents/Home/jre/lib/ext/jfxrt.jar:/Library/Java/JavaVirtualMachines/jdk1.8.0_171.jdk/Contents/Home/jre/lib/ext/dnsns.jar:/Library/Java/JavaVirtualMachines/jdk1.8.0_171.jdk/Contents/Home/jre/lib/ext/localedata.jar:/Library/Java/JavaVirtualMachines/jdk1.8.0_171.jdk/Contents/Home/jre/lib/ext/sunjce_provider.jar:/Library/Java/JavaVirtualMachines/jdk1.8.0_171.jdk/Contents/Home/jre/lib/ext/sunpkcs11.jar:/Library/Java/JavaVirtualMachines/jdk1.8.0_171.jdk/Contents/Home/jre/lib/ext/jaccess.jar:/Library/Java/JavaVirtualMachines/jdk1.8.0_171.jdk/Contents/Home/jre/lib/ext/zipfs.jar:/System/Library/Java/Extensions/MRJToolkit.jar:/Users/dean/git/cellOfOriginPredictor/CellOfOriginPredictor/bin:/Library/Frameworks/R.framework/Versions/3.5/Resources/library/rJava/jri/JRI.jar:/Library/Frameworks/R.framework/Versions/3.5/Resources/library/rJava/jri/JRIEngine.jar:/Library/Frameworks/R.framework/Versions/3.5/Resources/library/rJava/jri/REngine.jar
Launcher Type: SUN_STANDARD

Environment Variables:
PATH=/usr/bin:/bin:/usr/sbin:/sbin
SHELL=/bin/bash
DISPLAY=/private/tmp/com.apple.launchd.qnVd5v0Evm/org.macosforge.xquartz:0

Signal Handlers:
SIGSEGV: [libjvm.dylib+0x5b512d], sa_mask[0]=11111111011111110111111111111111, sa_flags=SA_ONSTACK|SA_RESTART|SA_SIGINFO
SIGBUS: [libjvm.dylib+0x5b512d], sa_mask[0]=11111111011111110111111111111111, sa_flags=SA_RESTART|SA_SIGINFO
SIGFPE: [libjvm.dylib+0x48aa90], sa_mask[0]=11111111011111110111111111111111, sa_flags=SA_RESTART|SA_SIGINFO
SIGPIPE: [libjvm.dylib+0x48aa90], sa_mask[0]=11111111011111110111111111111111, sa_flags=SA_RESTART|SA_SIGINFO
SIGXFSZ: [libjvm.dylib+0x48aa90], sa_mask[0]=11111111011111110111111111111111, sa_flags=SA_RESTART|SA_SIGINFO
SIGILL: [libjvm.dylib+0x48aa90], sa_mask[0]=11111111011111110111111111111111, sa_flags=SA_RESTART|SA_SIGINFO
SIGUSR1: SIG_DFL, sa_mask[0]=00000000000000000000000000000000, sa_flags=none
SIGUSR2: [libjvm.dylib+0x48a5ae], sa_mask[0]=00100000000000000000000000000000, sa_flags=SA_RESTART|SA_SIGINFO
SIGHUP: [libjvm.dylib+0x488b79], sa_mask[0]=11111111011111110111111111111111, sa_flags=SA_RESTART|SA_SIGINFO
SIGINT: [libjvm.dylib+0x488b79], sa_mask[0]=11111111011111110111111111111111, sa_flags=SA_RESTART|SA_SIGINFO
SIGTERM: [libjvm.dylib+0x488b79], sa_mask[0]=11111111011111110111111111111111, sa_flags=SA_RESTART|SA_SIGINFO
SIGQUIT: [libjvm.dylib+0x488b79], sa_mask[0]=11111111011111110111111111111111, sa_flags=SA_RESTART|SA_SIGINFO


---------------  S Y S T E M  ---------------

OS:Bsduname:Darwin 17.7.0 Darwin Kernel Version 17.7.0: Thu Jun 21 22:53:14 PDT 2018; root:xnu-4570.71.2~1/RELEASE_X86_64 x86_64
rlimit: STACK 8192k, CORE 0k, NPROC 709, NOFILE 10240, AS infinity
load average:2.15 1.82 2.41

CPU:total 4 (initial active 4) (2 cores per cpu, 2 threads per core) family 6 model 142 stepping 9, cmov, cx8, fxsr, mmx, sse, sse2, sse3, ssse3, sse4.1, sse4.2, popcnt, avx, avx2, aes, clmul, erms, 3dnowpref, lzcnt, ht, tsc, tscinvbit, bmi1, bmi2, adx

Memory: 4k page, physical 8388608k(36940k free)

/proc/meminfo:


vm_info: Java HotSpot(TM) 64-Bit Server VM (25.171-b11) for bsd-amd64 JRE (1.8.0_171-b11), built on Mar 28 2018 12:50:57 by "java_re" with gcc 4.2.1 (Based on Apple Inc. build 5658) (LLVM build 2336.11.00)

time: Thu Nov  1 00:23:40 2018
elapsed time: 0 seconds (0d 0h 0m 0s)

